Creating Prisma client...
node : ÔØî Error creating Prisma client:
Au caractère Ligne:1 : 1
+ node test-prisma.js 2>&1 | Out-File -FilePath 
"prisma-error.log" -Enc ...
+ ~~~~~~~~~~~~~~~~~~~~~~~~
    + CategoryInfo          : NotSpecified: (ÔØî 
    Error creating Prisma client::String) [], R  
  emoteException
    + FullyQualifiedErrorId : NativeCommandError
 
Error type: object
Error message: `PrismaClient` needs to be 
constructed with a non-empty, valid 
`PrismaClientOptions`:

```
new PrismaClient({
  ...
})
```

or

```
constructor() {
  super({ ... });
}
```
          
Error stack: PrismaClientInitializationError: 
`PrismaClient` needs to be constructed with a 
non-empty, valid `PrismaClientOptions`:

```
new PrismaClient({
  ...
})
```

or

```
constructor() {
  super({ ... });
}
```
          
    at new t (C:\Users\tiago\Mon 
Drive\Business\Mastermind Seed of Success\lapis-p
latform\node_modules\@prisma\client\runtime\clien
t.js:70:960)
    at Object.<anonymous> (C:\Users\tiago\Mon 
Drive\Business\Mastermind Seed of 
Success\lapis-platform\test-prisma.js:5:20)
    at Module._compile 
(node:internal/modules/cjs/loader:1730:14)
    at Object..js 
(node:internal/modules/cjs/loader:1895:10)
    at Module.load 
(node:internal/modules/cjs/loader:1465:32)
    at Function._load 
(node:internal/modules/cjs/loader:1282:12)
    at TracingChannel.traceSync 
(node:diagnostics_channel:322:14)
    at wrapModuleLoad 
(node:internal/modules/cjs/loader:235:24)
    at Function.executeUserEntryPoint [as 
runMain] (node:internal/modules/run_main:171:5)
    at node:internal/main/run_main_module:36:49
